This file contains any messages produced by compilers while
running configure, to aid debugging if configure makes a mistake.

It was created by qmp configure 2.5.0, which was
generated by GNU Autoconf 2.69.  Invocation command line was

  $ ./configure CC=/usr/bin/mpicc --prefix=/usr/local --with-qmp-comms-type=MPI --no-create --no-recursion

## --------- ##
## Platform. ##
## --------- ##

hostname = argo
uname -m = x86_64
uname -r = 4.13.0-36-generic
uname -s = Linux
uname -v = #40-Ubuntu SMP Fri Feb 16 20:07:48 UTC 2018

/usr/bin/uname -p = unknown
/bin/uname -X     = unknown

/bin/arch              = unknown
/usr/bin/arch -k       = unknown
/usr/convex/getsysinfo = unknown
/usr/bin/hostinfo      = unknown
/bin/machine           = unknown
/usr/bin/oslevel       = unknown
/bin/universe          = unknown

PATH: /usr/local/sbin
PATH: /usr/local/bin
PATH: /usr/sbin
PATH: /usr/bin
PATH: /sbin
PATH: /bin
PATH: /usr/games
PATH: /usr/local/games
PATH: /home/dan/.programs
PATH: /home/dan/builds/tau-2.27/x86_64/bin


## ----------- ##
## Core tests. ##
## ----------- ##

configure:1948: checking for a BSD-compatible install
configure:2016: result: /usr/bin/install -c
configure:2027: checking whether build environment is sane
configure:2082: result: yes
configure:2233: checking for a thread-safe mkdir -p
configure:2272: result: /bin/mkdir -p
configure:2279: checking for gawk
configure:2295: found /usr/bin/gawk
configure:2306: result: gawk
configure:2317: checking whether make sets $(MAKE)
configure:2339: result: yes
configure:2368: checking whether make supports nested variables
configure:2385: result: yes
configure:2512: checking whether make sets $(MAKE)
configure:2534: result: yes
configure:2657: checking for C compiler version
configure:2666: /usr/bin/mpicc --version >&5
gcc (Ubuntu 7.2.0-8ubuntu3.2) 7.2.0
Copyright (C) 2017 Free Software Foundation, Inc.
This is free software; see the source for copying conditions.  There is NO
warranty; not even for MERCHANTABILITY or FITNESS FOR A PARTICULAR PURPOSE.

configure:2677: $? = 0
configure:2666: /usr/bin/mpicc -v >&5
Using built-in specs.
COLLECT_GCC=/usr/bin/gcc
COLLECT_LTO_WRAPPER=/usr/lib/gcc/x86_64-linux-gnu/7/lto-wrapper
OFFLOAD_TARGET_NAMES=nvptx-none
OFFLOAD_TARGET_DEFAULT=1
Target: x86_64-linux-gnu
Configured with: ../src/configure -v --with-pkgversion='Ubuntu 7.2.0-8ubuntu3.2' --with-bugurl=file:///usr/share/doc/gcc-7/README.Bugs --enable-languages=c,ada,c++,go,brig,d,fortran,objc,obj-c++ --prefix=/usr --with-gcc-major-version-only --program-suffix=-7 --program-prefix=x86_64-linux-gnu- --enable-shared --enable-linker-build-id --libexecdir=/usr/lib --without-included-gettext --enable-threads=posix --libdir=/usr/lib --enable-nls --with-sysroot=/ --enable-clocale=gnu --enable-libstdcxx-debug --enable-libstdcxx-time=yes --with-default-libstdcxx-abi=new --enable-gnu-unique-object --disable-vtable-verify --enable-libmpx --enable-plugin --enable-default-pie --with-system-zlib --with-target-system-zlib --enable-objc-gc=auto --enable-multiarch --disable-werror --with-arch-32=i686 --with-abi=m64 --with-multilib-list=m32,m64,mx32 --enable-multilib --with-tune=generic --enable-offload-targets=nvptx-none --without-cuda-driver --enable-checking=release --build=x86_64-linux-gnu --host=x86_64-linux-gnu --target=x86_64-linux-gnu
Thread model: posix
gcc version 7.2.0 (Ubuntu 7.2.0-8ubuntu3.2) 
configure:2677: $? = 0
configure:2666: /usr/bin/mpicc -V >&5
gcc: error: unrecognized command line option '-V'
gcc: fatal error: no input files
compilation terminated.
configure:2677: $? = 1
configure:2666: /usr/bin/mpicc -qversion >&5
gcc: error: unrecognized command line option '-qversion'; did you mean '--version'?
gcc: fatal error: no input files
compilation terminated.
configure:2677: $? = 1
configure:2697: checking whether the C compiler works
configure:2719: /usr/bin/mpicc    conftest.c  >&5
configure:2723: $? = 0
configure:2771: result: yes
configure:2774: checking for C compiler default output file name
configure:2776: result: a.out
configure:2782: checking for suffix of executables
configure:2789: /usr/bin/mpicc -o conftest    conftest.c  >&5
configure:2793: $? = 0
configure:2815: result: 
configure:2837: checking whether we are cross compiling
configure:2845: /usr/bin/mpicc -o conftest    conftest.c  >&5
configure:2849: $? = 0
configure:2856: ./conftest
configure:2860: $? = 0
configure:2875: result: no
configure:2880: checking for suffix of object files
configure:2902: /usr/bin/mpicc -c   conftest.c >&5
configure:2906: $? = 0
configure:2927: result: o
configure:2931: checking whether we are using the GNU C compiler
configure:2950: /usr/bin/mpicc -c   conftest.c >&5
configure:2950: $? = 0
configure:2959: result: yes
configure:2968: checking whether /usr/bin/mpicc accepts -g
configure:2988: /usr/bin/mpicc -c -g  conftest.c >&5
configure:2988: $? = 0
configure:3029: result: yes
configure:3046: checking for /usr/bin/mpicc option to accept ISO C89
configure:3109: /usr/bin/mpicc  -c -g -O2  conftest.c >&5
configure:3109: $? = 0
configure:3122: result: none needed
configure:3147: checking whether /usr/bin/mpicc understands -c and -o together
configure:3169: /usr/bin/mpicc -c conftest.c -o conftest2.o
configure:3172: $? = 0
configure:3169: /usr/bin/mpicc -c conftest.c -o conftest2.o
configure:3172: $? = 0
configure:3184: result: yes
configure:3212: checking for style of include used by make
configure:3240: result: GNU
configure:3266: checking dependency style of /usr/bin/mpicc
configure:3377: result: gcc3
configure:3393: checking for library containing strerror
configure:3424: /usr/bin/mpicc -o conftest -g -O2   conftest.c  >&5
configure:3424: $? = 0
configure:3441: result: none required
configure:3492: checking for ranlib
configure:3508: found /usr/bin/ranlib
configure:3519: result: ranlib
configure:3584: checking for ar
configure:3600: found /usr/bin/ar
configure:3611: result: ar
configure:3716: /usr/bin/mpicc -o conftest -g -O2     conftest.c   >&5
configure:3716: $? = 0
configure:3738: checking if we can compile/link of a simple MPI program
configure:3741: result: yes
configure:3887: checking if malloc debugging is wanted
configure:3905: result: no
configure:3917: checking for doxygen
configure:3933: found /usr/bin/doxygen
configure:3944: result: doxygen
configure:4092: checking that generated files are newer than configure
configure:4098: result: done
configure:4133: creating ./config.status

## ---------------- ##
## Cache variables. ##
## ---------------- ##

ac_cv_c_compiler_gnu=yes
ac_cv_env_CC_set=set
ac_cv_env_CC_value=/usr/bin/mpicc
ac_cv_env_CFLAGS_set=
ac_cv_env_CFLAGS_value=
ac_cv_env_CPPFLAGS_set=
ac_cv_env_CPPFLAGS_value=
ac_cv_env_LDFLAGS_set=
ac_cv_env_LDFLAGS_value=
ac_cv_env_LIBS_set=
ac_cv_env_LIBS_value=
ac_cv_env_build_alias_set=
ac_cv_env_build_alias_value=
ac_cv_env_host_alias_set=
ac_cv_env_host_alias_value=
ac_cv_env_target_alias_set=
ac_cv_env_target_alias_value=
ac_cv_objext=o
ac_cv_path_install='/usr/bin/install -c'
ac_cv_path_mkdir=/bin/mkdir
ac_cv_prog_AWK=gawk
ac_cv_prog_DOXYGEN=doxygen
ac_cv_prog_ac_ct_AR=ar
ac_cv_prog_ac_ct_RANLIB=ranlib
ac_cv_prog_cc_c89=
ac_cv_prog_cc_g=yes
ac_cv_prog_make_make_set=yes
ac_cv_search_strerror='none required'
am_cv_CC_dependencies_compiler_type=gcc3
am_cv_make_support_nested_variables=yes
am_cv_prog_cc_c_o=yes

## ----------------- ##
## Output variables. ##
## ----------------- ##

ACLOCAL='${SHELL} /home/dan/qmp/config/missing aclocal-1.15'
AMDEPBACKSLASH='\'
AMDEP_FALSE='#'
AMDEP_TRUE=''
AMTAR='$${TAR-tar}'
AM_BACKSLASH='\'
AM_DEFAULT_V='$(AM_DEFAULT_VERBOSITY)'
AM_DEFAULT_VERBOSITY='1'
AM_V='$(V)'
AR='ar'
AUTOCONF='${SHELL} /home/dan/qmp/config/missing autoconf'
AUTOHEADER='${SHELL} /home/dan/qmp/config/missing autoheader'
AUTOMAKE='${SHELL} /home/dan/qmp/config/missing automake-1.15'
AWK='gawk'
CC='/usr/bin/mpicc'
CCDEPMODE='depmode=gcc3'
CFLAGS='-g -O2'
CPPFLAGS=''
CYGPATH_W='echo'
DEFS='-DHAVE_CONFIG_H'
DEPDIR='.deps'
DISTCHECK_CONFIGURE_FLAGS='--enable-parallel-arch=MPI CC="/usr/bin/mpicc" CFLAGS="-g -O2" QMP_COMMS_CFLAGS="" QMP_COMMS_LDFLAGS="" QMP_COMMS_LIBS=""'
DOXYGEN='doxygen'
ECHO_C=''
ECHO_N='-n'
ECHO_T=''
EXEEXT=''
INSTALL_DATA='${INSTALL} -m 644'
INSTALL_PROGRAM='${INSTALL}'
INSTALL_SCRIPT='${INSTALL}'
INSTALL_STRIP_PROGRAM='$(install_sh) -c -s'
LDFLAGS=''
LIBOBJS=''
LIBS=''
LTLIBOBJS=''
MAKEINFO='${SHELL} /home/dan/qmp/config/missing makeinfo'
MKDIR_P='/bin/mkdir -p'
OBJEXT='o'
PACKAGE='qmp'
PACKAGE_BUGREPORT='detar at physics.utah.edu'
PACKAGE_NAME='qmp'
PACKAGE_STRING='qmp 2.5.0'
PACKAGE_TARNAME='qmp'
PACKAGE_URL=''
PACKAGE_VERSION='2.5.0'
PATH_SEPARATOR=':'
QMP_BGSPI_FALSE=''
QMP_BGSPI_TRUE='#'
QMP_COMMS_CFLAGS=''
QMP_COMMS_LDFLAGS=''
QMP_COMMS_LIBS=''
QMP_COMMS_TYPE='MPI'
QMP_MPI_FALSE='#'
QMP_MPI_TRUE=''
QMP_SINGLE_FALSE=''
QMP_SINGLE_TRUE='#'
RANLIB='ranlib'
SET_MAKE=''
SHELL='/bin/bash'
STRIP=''
VERSION='2.5.0'
ac_ct_CC=''
am__EXEEXT_FALSE=''
am__EXEEXT_TRUE='#'
am__fastdepCC_FALSE='#'
am__fastdepCC_TRUE=''
am__include='include'
am__isrc=''
am__leading_dot='.'
am__nodep='_no'
am__quote=''
am__tar='$${TAR-tar} chof - "$$tardir"'
am__untar='$${TAR-tar} xf -'
bindir='${exec_prefix}/bin'
build_alias=''
datadir='${datarootdir}'
datarootdir='${prefix}/share'
docdir='${datarootdir}/doc/${PACKAGE_TARNAME}'
dvidir='${docdir}'
exec_prefix='${prefix}'
host_alias=''
htmldir='${docdir}'
includedir='${prefix}/include'
infodir='${datarootdir}/info'
install_sh='${SHELL} /home/dan/qmp/config/install-sh'
libdir='${exec_prefix}/lib'
libexecdir='${exec_prefix}/libexec'
localedir='${datarootdir}/locale'
localstatedir='${prefix}/var'
mandir='${datarootdir}/man'
mkdir_p='$(MKDIR_P)'
oldincludedir='/usr/include'
pdfdir='${docdir}'
prefix='/usr/local'
program_transform_name='s,x,x,'
psdir='${docdir}'
runstatedir='${localstatedir}/run'
sbindir='${exec_prefix}/sbin'
sharedstatedir='${prefix}/com'
sysconfdir='${prefix}/etc'
target_alias=''

## ----------- ##
## confdefs.h. ##
## ----------- ##

/* confdefs.h */
#define PACKAGE_NAME "qmp"
#define PACKAGE_TARNAME "qmp"
#define PACKAGE_VERSION "2.5.0"
#define PACKAGE_STRING "qmp 2.5.0"
#define PACKAGE_BUGREPORT "detar at physics.utah.edu"
#define PACKAGE_URL ""
#define PACKAGE "qmp"
#define VERSION "2.5.0"
#define HAVE_MPI /**/

configure: exit 0

## ---------------------- ##
## Running config.status. ##
## ---------------------- ##

This file was extended by qmp config.status 2.5.0, which was
generated by GNU Autoconf 2.69.  Invocation command line was

  CONFIG_FILES    = 
  CONFIG_HEADERS  = 
  CONFIG_LINKS    = 
  CONFIG_COMMANDS = 
  $ ./config.status 

on argo

config.status:862: creating Makefile
config.status:862: creating include/Makefile
config.status:862: creating lib/Makefile
config.status:862: creating bin/Makefile
config.status:862: creating bin/qmp-config
config.status:862: creating examples/Makefile
config.status:862: creating doc/Makefile
config.status:862: creating doc/QMPdoxyfile
config.status:862: creating include/qmp_config.h
config.status:1043: include/qmp_config.h is unchanged
config.status:1091: executing depfiles commands
